<?xml version="1.0" encoding="utf-8"?><testsuites name="pytest tests"><testsuite name="pytest" errors="0" failures="1" skipped="0" tests="22" time="2.909" timestamp="2026-07-14T06:55:45.231443+00:00" hostname="agent-env-d9440926-73d6-4731-976f-c77a21b64ade"><testcase classname="tests.test_orgs.TestOrgsMeAuditor" name="test_orgs_me_returns_shape" time="0.294" /><testcase classname="tests.test_orgs.TestNoOrgUser" name="test_orgs_me_returns_empty_orgs" time="0.295" /><testcase classname="tests.test_orgs.TestOrgsMeAuditor" name="test_orgs_current_members_and_invites" time="0.137" /><testcase classname="tests.test_orgs.TestNoOrgUser" name="test_devices_409_no_active_org" time="0.095" /><testcase classname="tests.test_orgs.TestNoOrgUser" name="test_incidents_409" time="0.124" /><testcase classname="tests.test_orgs.TestOrgsMeAuditor" name="test_devices_scoped_to_active_org" time="0.104" /><testcase classname="tests.test_orgs.TestNoOrgUser" name="test_orgs_switch_forbidden_non_member" time="0.176" /><testcase classname="tests.test_orgs.TestOrgsMeAuditor" name="test_stats_ok" time="0.108" /><testcase classname="tests.test_orgs.TestOrgsMeAuditor" name="test_incidents_ok" time="0.141" /><testcase classname="tests.test_orgs.TestCreateSwitchIsolate" name="test_create_org_sets_active" time="0.251" /><testcase classname="tests.test_orgs.TestOrgsMeAuditor" name="test_threat_logs_ok" time="0.102" /><testcase classname="tests.test_orgs.TestUnauth" name="test_orgs_me_401" time="0.097" /><testcase classname="tests.test_orgs.TestCreateSwitchIsolate" name="test_new_org_has_empty_fleet" time="0.105" /><testcase classname="tests.test_orgs.TestUnauth" name="test_devices_401" time="0.094" /><testcase classname="tests.test_orgs.TestCreateSwitchIsolate" name="test_switch_to_non_member_org_forbidden" time="0.095" /><testcase classname="tests.test_orgs.TestUnauth" name="test_orgs_current_401" time="0.102" /><testcase classname="tests.test_orgs.TestCreateSwitchIsolate" name="test_switch_missing_org_id_400" time="0.102" /><testcase classname="tests.test_orgs.TestInvites" name="test_invite_non_existing_email_creates_pending" time="0.260"><failure message="assert False&#10; +  where False = any(&lt;generator object TestInvites.test_invite_non_existing_email_creates_pending.&lt;locals&gt;.&lt;genexpr&gt; at 0xf87ffcac7920&gt;)">backend/tests/test_orgs.py:182: in test_invite_non_existing_email_creates_pending
    assert any(i["email"] == email and i["role"] == "analyst" for i in cur["invites"])
E   assert False
E    +  where False = any(&lt;generator object TestInvites.test_invite_non_existing_email_creates_pending.&lt;locals&gt;.&lt;genexpr&gt; at 0xf87ffcac7920&gt;)</failure></testcase><testcase classname="tests.test_orgs.TestOwnerGuards" name="test_cannot_demote_last_owner" time="0.111" /><testcase classname="tests.test_orgs.TestOwnerGuards" name="test_cannot_remove_last_owner" time="0.190" /><testcase classname="tests.test_orgs.TestInvites" name="test_invite_existing_user_adds_immediately" time="0.320" /><testcase classname="tests.test_orgs.TestInvites" name="test_invite_bad_email_400" time="0.174" /></testsuite></testsuites>