<?xml version="1.0" encoding="utf-8"?><testsuites name="pytest tests"><testsuite name="pytest" errors="0" failures="0" skipped="1" tests="40" time="34.008" timestamp="2026-07-13T23:09:20.330648+00:00" hostname="agent-env-d9440926-73d6-4731-976f-c77a21b64ade"><testcase classname="tests.test_sentinelgrid" name="test_stats_has_new_fields" time="0.307" /><testcase classname="tests.test_auth_gating" name="test_public_endpoints_no_auth[/]" time="0.307" /><testcase classname="tests.test_sentinelgrid" name="test_network_topology" time="0.048" /><testcase classname="tests.test_auth_gating" name="test_public_endpoints_no_auth[/stats]" time="0.113" /><testcase classname="tests.test_sentinelgrid" name="test_community_alerts_seeded" time="0.049" /><testcase classname="tests.test_sentinelgrid" name="test_community_alert_create_and_corroborate" time="0.339" /><testcase classname="tests.test_auth_gating" name="test_protected_get_unauth_401[/devices]" time="0.105" /><testcase classname="tests.test_auth_gating" name="test_protected_get_unauth_401[/threat-logs]" time="0.137" /><testcase classname="tests.test_auth_gating" name="test_protected_get_unauth_401[/incidents]" time="0.100" /><testcase classname="tests.test_sentinelgrid" name="test_blocklist_aggregates" time="0.054" /><testcase classname="tests.test_auth_gating" name="test_protected_get_unauth_401[/network/topology]" time="0.103" /><testcase classname="tests.test_sentinelgrid" name="test_fraud_report_create_and_list" time="0.099" /><testcase classname="tests.test_auth_gating" name="test_protected_get_unauth_401[/community/alerts]" time="0.094" /><testcase classname="tests.test_sentinelgrid" name="test_devices_list" time="0.050" /><testcase classname="tests.test_sentinelgrid" name="test_device_surface" time="0.099" /><testcase classname="tests.test_auth_gating" name="test_protected_get_unauth_401[/community/blocklist]" time="0.147" /><testcase classname="tests.test_sentinelgrid" name="test_scan_url" time="6.582" /><testcase classname="tests.test_auth_gating" name="test_protected_get_unauth_401[/community/fraud-reports]" time="0.096" /><testcase classname="tests.test_auth_gating" name="test_protected_get_unauth_401[/remediation/jobs]" time="0.116" /><testcase classname="tests.test_auth_gating" name="test_protected_get_unauth_401[/auth/me]" time="0.100" /><testcase classname="tests.test_auth_gating" name="test_protected_get_with_auth_200[/devices]" time="0.107" /><testcase classname="tests.test_auth_gating" name="test_protected_get_with_auth_200[/threat-logs]" time="0.126" /><testcase classname="tests.test_auth_gating" name="test_protected_get_with_auth_200[/incidents]" time="0.101" /><testcase classname="tests.test_auth_gating" name="test_protected_get_with_auth_200[/network/topology]" time="0.101" /><testcase classname="tests.test_auth_gating" name="test_protected_get_with_auth_200[/community/alerts]" time="0.109" /><testcase classname="tests.test_auth_gating" name="test_protected_get_with_auth_200[/community/blocklist]" time="0.099" /><testcase classname="tests.test_auth_gating" name="test_protected_get_with_auth_200[/community/fraud-reports]" time="0.114" /><testcase classname="tests.test_auth_gating" name="test_protected_get_with_auth_200[/remediation/jobs]" time="0.097" /><testcase classname="tests.test_auth_gating" name="test_protected_get_with_auth_200[/auth/me]" time="0.104" /><testcase classname="tests.test_auth_gating" name="test_mutating_endpoints_require_auth" time="0.881" /><testcase classname="tests.test_auth_gating" name="test_auth_me_returns_user" time="0.112" /><testcase classname="tests.test_auth_gating" name="test_auth_me_no_token_401" time="0.102" /><testcase classname="tests.test_auth_gating" name="test_auth_logout_ok" time="0.100" /><testcase classname="tests.test_auth_gating" name="test_upload_eicar_malicious" time="12.440" /><testcase classname="tests.test_sentinelgrid" name="test_threat_logs" time="0.048" /><testcase classname="tests.test_sentinelgrid" name="test_incidents" time="0.047" /><testcase classname="tests.test_sentinelgrid" name="test_z_remediation" time="0.047"><skipped type="pytest.skip" message="no infected device to remediate (may have been cleaned)">/app/backend/tests/test_sentinelgrid.py:181: no infected device to remediate (may have been cleaned)</skipped></testcase><testcase classname="tests.test_auth_gating" name="test_upload_clean_file" time="11.275" /><testcase classname="tests.test_auth_gating" name="test_upload_requires_auth" time="0.149" /><testcase classname="tests.test_auth_gating" name="test_scan_url_has_circl_summary" time="6.019" /></testsuite></testsuites>