<?xml version="1.0" encoding="utf-8"?><testsuites name="pytest tests"><testsuite name="pytest" errors="0" failures="0" skipped="0" tests="12" time="9.185" timestamp="2026-07-10T23:18:02.921343+00:00" hostname="agent-env-d9440926-73d6-4731-976f-c77a21b64ade"><testcase classname="tests.test_sentinelgrid" name="test_stats_has_new_fields" time="0.258" /><testcase classname="tests.test_sentinelgrid" name="test_network_topology" time="0.049" /><testcase classname="tests.test_sentinelgrid" name="test_community_alerts_seeded" time="0.048" /><testcase classname="tests.test_sentinelgrid" name="test_community_alert_create_and_corroborate" time="0.293" /><testcase classname="tests.test_sentinelgrid" name="test_blocklist_aggregates" time="0.048" /><testcase classname="tests.test_sentinelgrid" name="test_fraud_report_create_and_list" time="0.099" /><testcase classname="tests.test_sentinelgrid" name="test_devices_list" time="0.062" /><testcase classname="tests.test_sentinelgrid" name="test_device_surface" time="0.094" /><testcase classname="tests.test_sentinelgrid" name="test_scan_url" time="7.232" /><testcase classname="tests.test_sentinelgrid" name="test_threat_logs" time="0.048" /><testcase classname="tests.test_sentinelgrid" name="test_incidents" time="0.045" /><testcase classname="tests.test_sentinelgrid" name="test_z_remediation" time="0.199" /></testsuite></testsuites>